<?xml version="1.0" encoding="UTF-8"?>
<!-- Generated by org.testng.reporters.JUnitXMLReporter -->
<testsuite ignored="0" hostname="DESKTOP-P1434LQ" failures="0" tests="4" name="Default test" time="13.137" errors="0" timestamp="2024-08-19T07:14:29 GMT-11:00">
  <testcase classname="TestCases.TestClass" name="AddToCart" time="1.451"/>
  <testcase classname="TestCases.TestClass" name="LockedUserTest" time="0.305"/>
  <testcase classname="TestCases.TestClass" name="LoginFailureTest" time="2.324"/>
  <testcase classname="TestCases.TestClass" name="LoginSuccessTest" time="0.904"/>
</testsuite> <!-- Default test -->
