<?xml version="1.0" encoding="UTF-8"?>
<testng-results ignored="0" total="4" passed="4" failed="0" skipped="0">
  <reporter-output>
  </reporter-output>
  <suite started-at="2024-08-19T07:14:16 GMT-11:00" name="Default suite" finished-at="2024-08-19T07:14:29 GMT-11:00" duration-ms="13137">
    <groups>
    </groups>
    <test started-at="2024-08-19T07:14:16 GMT-11:00" name="Default test" finished-at="2024-08-19T07:14:29 GMT-11:00" duration-ms="13137">
      <class name="TestCases.TestClass">
        <test-method is-config="true" signature="SetUpDriver()[pri:0, instance:TestCases.TestClass@470734c3]" started-at="2024-08-19T07:14:16 GMT-11:00" name="SetUpDriver" finished-at="2024-08-19T07:14:18 GMT-11:00" duration-ms="2440" status="PASS">
          <reporter-output>
          </reporter-output>
        </test-method> <!-- SetUpDriver -->
        <test-method signature="AddToCart()[pri:0, instance:TestCases.TestClass@470734c3]" started-at="2024-08-19T07:14:18 GMT-11:00" name="AddToCart" finished-at="2024-08-19T07:14:19 GMT-11:00" duration-ms="1451" status="PASS">
          <reporter-output>
          </reporter-output>
        </test-method> <!-- AddToCart -->
        <test-method is-config="true" signature="TearDown()[pri:0, instance:TestCases.TestClass@470734c3]" started-at="2024-08-19T07:14:19 GMT-11:00" name="TearDown" finished-at="2024-08-19T07:14:20 GMT-11:00" duration-ms="130" status="PASS">
          <reporter-output>
          </reporter-output>
        </test-method> <!-- TearDown -->
        <test-method is-config="true" signature="SetUpDriver()[pri:0, instance:TestCases.TestClass@470734c3]" started-at="2024-08-19T07:14:20 GMT-11:00" name="SetUpDriver" finished-at="2024-08-19T07:14:21 GMT-11:00" duration-ms="1694" status="PASS">
          <reporter-output>
          </reporter-output>
        </test-method> <!-- SetUpDriver -->
        <test-method signature="LockedUserTest()[pri:0, instance:TestCases.TestClass@470734c3]" started-at="2024-08-19T07:14:21 GMT-11:00" name="LockedUserTest" finished-at="2024-08-19T07:14:22 GMT-11:00" duration-ms="305" status="PASS">
          <reporter-output>
          </reporter-output>
        </test-method> <!-- LockedUserTest -->
        <test-method is-config="true" signature="TearDown()[pri:0, instance:TestCases.TestClass@470734c3]" started-at="2024-08-19T07:14:22 GMT-11:00" name="TearDown" finished-at="2024-08-19T07:14:22 GMT-11:00" duration-ms="96" status="PASS">
          <reporter-output>
          </reporter-output>
        </test-method> <!-- TearDown -->
        <test-method is-config="true" signature="SetUpDriver()[pri:0, instance:TestCases.TestClass@470734c3]" started-at="2024-08-19T07:14:22 GMT-11:00" name="SetUpDriver" finished-at="2024-08-19T07:14:23 GMT-11:00" duration-ms="1751" status="PASS">
          <reporter-output>
          </reporter-output>
        </test-method> <!-- SetUpDriver -->
        <test-method signature="LoginFailureTest()[pri:0, instance:TestCases.TestClass@470734c3]" started-at="2024-08-19T07:14:23 GMT-11:00" name="LoginFailureTest" finished-at="2024-08-19T07:14:26 GMT-11:00" duration-ms="2324" status="PASS">
          <reporter-output>
          </reporter-output>
        </test-method> <!-- LoginFailureTest -->
        <test-method is-config="true" signature="TearDown()[pri:0, instance:TestCases.TestClass@470734c3]" started-at="2024-08-19T07:14:26 GMT-11:00" name="TearDown" finished-at="2024-08-19T07:14:26 GMT-11:00" duration-ms="142" status="PASS">
          <reporter-output>
          </reporter-output>
        </test-method> <!-- TearDown -->
        <test-method is-config="true" signature="SetUpDriver()[pri:0, instance:TestCases.TestClass@470734c3]" started-at="2024-08-19T07:14:26 GMT-11:00" name="SetUpDriver" finished-at="2024-08-19T07:14:28 GMT-11:00" duration-ms="1743" status="PASS">
          <reporter-output>
          </reporter-output>
        </test-method> <!-- SetUpDriver -->
        <test-method signature="LoginSuccessTest()[pri:0, instance:TestCases.TestClass@470734c3]" started-at="2024-08-19T07:14:28 GMT-11:00" name="LoginSuccessTest" finished-at="2024-08-19T07:14:29 GMT-11:00" duration-ms="904" status="PASS">
          <reporter-output>
          </reporter-output>
        </test-method> <!-- LoginSuccessTest -->
        <test-method is-config="true" signature="TearDown()[pri:0, instance:TestCases.TestClass@470734c3]" started-at="2024-08-19T07:14:29 GMT-11:00" name="TearDown" finished-at="2024-08-19T07:14:29 GMT-11:00" duration-ms="106" status="PASS">
          <reporter-output>
          </reporter-output>
        </test-method> <!-- TearDown -->
      </class> <!-- TestCases.TestClass -->
    </test> <!-- Default test -->
  </suite> <!-- Default suite -->
</testng-results>
